WARNING: Method definition getData(JuMP.Model) in module Main at /home/cao27/SINGO/Plasmo.jl/src/NetParPipsNlp.jl:65 overwritten at /home/cao27/SINGO/Plasmo.jl/src/NetIpopt.jl:21.
WARNING: using JuMP.getdual in module Main conflicts with an existing identifier.
WARNING: Method definition findnode(Any, Any) in module Main at /home/cao27/SINGO/Global/../preprocess.jl:312 overwritten at /home/cao27/SINGO/Global/../preprocessex.jl:369.

******************************************************************************
This program contains Ipopt, a library for large-scale nonlinear optimization.
 Ipopt is released as open source code under the Eclipse Public License (EPL).
         For more information visit http://projects.coin-or.org/Ipopt
******************************************************************************

presolving:
(round 1, fast)       1 del vars, 1 del conss, 0 add conss, 5002 chg bounds, 0 chg sides, 0 chg coeffs, 0 upgd conss, 0 impls, 0 clqs
presolving (2 rounds: 2 fast, 1 medium, 1 exhaustive):
 1 deleted vars, 1 deleted constraints, 0 added constraints, 5002 tightened bounds, 0 added holes, 0 changed sides, 0 changed coefficients
 0 implications, 0 cliques
presolved problem has 7001 variables (0 bin, 0 int, 0 impl, 7001 cont) and 14000 constraints
  14000 constraints of type <quadratic>
Presolving Time: 0.03

  node  | left  |LP iter|LP it/n| mem |  dualbound   | primalbound  |  gap   
t     1 |     0 |     0 |     - |  43M|      --      | 1.000000e+08 |    Inf 
      1 |     0 |  3831 |     - |  64M|-5.430961e+02 | 1.000000e+08 |    Inf 
U     1 |     0 |  3831 |     - |  69M|-5.430961e+02 | 1.265711e+03 |    Inf 
q     1 |     0 |  3831 |     - |  71M|-5.430961e+02 | 1.543650e+01 |    Inf 
      1 |     0 |  5841 |     - |  71M|-5.421783e+02 | 1.543650e+01 |    Inf 
      1 |     0 |  5841 |     - |  71M|-5.421783e+02 | 1.543650e+01 |    Inf 
      1 |     0 |  8577 |     - |  71M|-5.404735e+02 | 1.543650e+01 |    Inf 
      1 |     0 | 11867 |     - |  77M|-4.289135e+02 | 1.543650e+01 |    Inf 
      1 |     0 | 17357 |     - |  78M|-3.054925e+02 | 1.543650e+01 |    Inf 
      1 |     0 | 18470 |     - |  79M|-3.054925e+02 | 1.543650e+01 |    Inf 
      1 |     0 | 19457 |     - |  79M|-3.054925e+02 | 1.543650e+01 |    Inf 
      1 |     0 | 20440 |     - |  80M|-3.054925e+02 | 1.543650e+01 |    Inf 
      1 |     0 | 21412 |     - |  81M|-3.054925e+02 | 1.543650e+01 |    Inf 
      1 |     0 | 22303 |     - |  81M|-3.054925e+02 | 1.543650e+01 |    Inf 
      1 |     0 | 99805 |     - |  81M|-3.054925e+02 | 1.543650e+01 |    Inf 
  node  | left  |LP iter|LP it/n| mem |  dualbound   | primalbound  |  gap   
      1 |     0 |103965 |     - |  81M|-2.393293e+01 | 1.543650e+01 |    Inf 
      1 |     0 |103965 |     - |  81M|-2.393293e+01 | 1.543650e+01 |    Inf 
      1 |     0 |106332 |     - |  82M|-2.393293e+01 | 1.543650e+01 |    Inf 
      1 |     0 |108720 |     - |  72M|-2.393293e+01 | 1.543650e+01 |    Inf 
      1 |     0 |109687 |     - |  72M|-2.393293e+01 | 1.543650e+01 |    Inf 
      1 |     0 |110857 |     - |  73M|-2.393293e+01 | 1.543650e+01 |    Inf 
      1 |     0 |111111 |     - |  73M|-2.393293e+01 | 1.543650e+01 |    Inf 
      1 |     0 |111345 |     - |  73M|-2.393293e+01 | 1.543650e+01 |    Inf 
      1 |     0 |111362 |     - |  73M|-2.393293e+01 | 1.543650e+01 |    Inf 
      1 |     0 |111596 |     - |  69M|-2.393293e+01 | 1.543650e+01 |    Inf 
      1 |     0 |111830 |     - |  69M|-2.393293e+01 | 1.543650e+01 |    Inf 
      1 |     0 |112032 |     - |  69M|-2.393293e+01 | 1.543650e+01 |    Inf 
      1 |     0 |112065 |     - |  69M|-2.393293e+01 | 1.543650e+01 |    Inf 
      1 |     2 |112065 |     - |  69M|-2.393293e+01 | 1.543650e+01 |    Inf 
    100 |   101 |112399 | 786.2 |  66M|-2.393293e+01 | 1.543650e+01 |    Inf 
  node  | left  |LP iter|LP it/n| mem |  dualbound   | primalbound  |  gap   
    200 |   201 |112692 | 392.6 |  66M|-2.393293e+01 | 1.543650e+01 |    Inf 
    300 |   301 |112903 | 262.0 |  67M|-2.393293e+01 | 1.543650e+01 |    Inf 
    400 |   401 |113103 | 196.8 |  67M|-2.393293e+01 | 1.543650e+01 |    Inf 
    500 |   501 |113308 | 157.8 |  68M|-2.393293e+01 | 1.543650e+01 |    Inf 
    600 |   601 |113517 | 131.8 |  68M|-2.393293e+01 | 1.543650e+01 |    Inf 
    700 |   701 |113618 | 113.1 |  69M|-2.393293e+01 | 1.543650e+01 |    Inf 
    800 |   801 |113623 |  98.9 |  69M|-2.393293e+01 | 1.543650e+01 |    Inf 
    900 |   901 |113640 |  88.0 |  70M|-2.393293e+01 | 1.543650e+01 |    Inf 
   1000 |  1001 |113653 |  79.2 |  70M|-2.393293e+01 | 1.543650e+01 |    Inf 
   1100 |  1101 |113737 |  72.0 |  70M|-2.393293e+01 | 1.543650e+01 |    Inf 
   1200 |  1201 |113896 |  66.2 |  71M|-2.393293e+01 | 1.543650e+01 |    Inf 
   1300 |  1301 |114020 |  61.2 |  71M|-2.393293e+01 | 1.543650e+01 |    Inf 
   1400 |  1401 |114139 |  56.9 |  72M|-2.393293e+01 | 1.543650e+01 |    Inf 
   1500 |  1501 |115467 |  54.0 |  73M|-2.393293e+01 | 1.543650e+01 |    Inf 
   1600 |  1601 |115695 |  50.7 |  73M|-2.393293e+01 | 1.543650e+01 |    Inf 
  node  | left  |LP iter|LP it/n| mem |  dualbound   | primalbound  |  gap   
   1700 |  1701 |115901 |  47.9 |  74M|-2.393293e+01 | 1.543650e+01 |    Inf 
   1800 |  1801 |116052 |  45.3 |  74M|-2.393293e+01 | 1.543650e+01 |    Inf 
   1900 |  1901 |116320 |  43.1 |  75M|-2.393293e+01 | 1.543650e+01 |    Inf 
   2000 |  2001 |116611 |  41.0 |  75M|-2.393293e+01 | 1.543650e+01 |    Inf 
   2100 |  2101 |116782 |  39.2 |  76M|-2.393293e+01 | 1.543650e+01 |    Inf 
   2200 |  2201 |116940 |  37.5 |  76M|-2.393293e+01 | 1.543650e+01 |    Inf 
   2300 |  2301 |117783 |  36.2 |  77M|-2.393293e+01 | 1.543650e+01 |    Inf 
   2400 |  2401 |117979 |  34.8 |  78M|-2.393293e+01 | 1.543650e+01 |    Inf 
   2500 |  2501 |118204 |  33.5 |  78M|-2.393293e+01 | 1.543650e+01 |    Inf 
   2600 |  2601 |118350 |  32.2 |  79M|-2.393293e+01 | 1.543650e+01 |    Inf 
   2700 |  2701 |118527 |  31.1 |  79M|-2.393293e+01 | 1.543650e+01 |    Inf 
   2800 |  2801 |118693 |  30.1 |  80M|-2.393293e+01 | 1.543650e+01 |    Inf 
   2900 |  2901 |119927 |  29.4 |  81M|-2.393293e+01 | 1.543650e+01 |    Inf 
   3000 |  3001 |119967 |  28.5 |  81M|-2.393293e+01 | 1.543650e+01 |    Inf 
   3100 |  3101 |120065 |  27.6 |  82M|-2.393293e+01 | 1.543650e+01 |    Inf 
  node  | left  |LP iter|LP it/n| mem |  dualbound   | primalbound  |  gap   
   3200 |  3201 |120178 |  26.8 |  82M|-2.393293e+01 | 1.543650e+01 |    Inf 
   3300 |  3301 |120332 |  26.0 |  83M|-2.393293e+01 | 1.543650e+01 |    Inf 
   3400 |  3401 |120741 |  25.4 |  83M|-2.393293e+01 | 1.543650e+01 |    Inf 
   3500 |  3501 |121063 |  24.7 |  84M|-2.393293e+01 | 1.543650e+01 |    Inf 
   3600 |  3601 |122190 |  24.3 |  84M|-2.393293e+01 | 1.543650e+01 |    Inf 
   3700 |  3701 |123150 |  23.9 |  85M|-2.393293e+01 | 1.543650e+01 |    Inf 
   3800 |  3801 |123748 |  23.5 |  86M|-2.393293e+01 | 1.543650e+01 |    Inf 
   3900 |  3901 |125282 |  23.3 |  87M|-2.393293e+01 | 1.543650e+01 |    Inf 
   4000 |  4001 |125989 |  22.9 |  87M|-2.393293e+01 | 1.543650e+01 |    Inf 
   4100 |  4101 |134458 |  24.4 |  92M|-2.393293e+01 | 1.543650e+01 |    Inf 
   4200 |  4201 |153538 |  28.3 | 102M|-2.393293e+01 | 1.543650e+01 |    Inf 
   4300 |  4301 |157747 |  28.7 | 104M|-2.393293e+01 | 1.543650e+01 |    Inf 
   4400 |  4401 |164232 |  29.5 | 106M|-2.393293e+01 | 1.543650e+01 |    Inf 
   4500 |  4501 |170285 |  30.2 | 107M|-2.393293e+01 | 1.543650e+01 |    Inf 
   4600 |  4601 |171648 |  29.8 | 108M|-2.393293e+01 | 1.543650e+01 |    Inf 
  node  | left  |LP iter|LP it/n| mem |  dualbound   | primalbound  |  gap   
   4700 |  4701 |172130 |  29.3 | 108M|-2.393293e+01 | 1.543650e+01 |    Inf 
   4800 |  4801 |172637 |  28.8 | 109M|-2.393293e+01 | 1.543650e+01 |    Inf 
   4900 |  4901 |175367 |  28.7 | 110M|-2.393293e+01 | 1.543650e+01 |    Inf 
   5000 |  5001 |187937 |  30.7 | 117M|-2.393293e+01 | 1.543650e+01 |    Inf 
   5100 |  5101 |191939 |  30.9 | 120M|-2.393293e+01 | 1.543650e+01 |    Inf 
   5200 |  5201 |194361 |  30.7 | 123M|-2.393293e+01 | 1.543650e+01 |    Inf 
   5300 |  5301 |195707 |  30.4 | 124M|-2.393293e+01 | 1.543650e+01 |    Inf 
   5400 |  5401 |260414 |  41.8 | 141M|-2.393293e+01 | 1.543650e+01 |    Inf 
   5500 |  5501 |260428 |  41.1 | 141M|-2.393293e+01 | 1.543650e+01 |    Inf 
   5600 |  5601 |260428 |  40.3 | 142M|-2.393293e+01 | 1.543650e+01 |    Inf 
   5700 |  5701 |293123 |  45.4 | 153M|-2.393293e+01 | 1.543650e+01 |    Inf 
   5800 |  5801 |293146 |  44.6 | 154M|-2.393293e+01 | 1.543650e+01 |    Inf 
   5900 |  5901 |293267 |  43.9 | 155M|-2.393293e+01 | 1.543650e+01 |    Inf 
   6000 |  6001 |326819 |  48.7 | 166M|-2.393293e+01 | 1.543650e+01 |    Inf 
   6100 |  6101 |326983 |  47.9 | 167M|-2.393293e+01 | 1.543650e+01 |    Inf 
  node  | left  |LP iter|LP it/n| mem |  dualbound   | primalbound  |  gap   
   6200 |  6201 |327108 |  47.2 | 168M|-2.393293e+01 | 1.543650e+01 |    Inf 
   6300 |  6301 |360067 |  51.7 | 179M|-2.393293e+01 | 1.543650e+01 |    Inf 
   6400 |  6399 |366773 |  51.9 | 183M|-2.393293e+01 | 1.543650e+01 |    Inf 
   6500 |  6495 |408190 |  57.5 | 196M|-2.393293e+01 | 1.543650e+01 |    Inf 
   6600 |  6595 |408584 |  56.7 | 197M|-2.393293e+01 | 1.543650e+01 |    Inf 
   6700 |  6693 |408893 |  55.9 | 198M|-2.393293e+01 | 1.543650e+01 |    Inf 
   6800 |  6791 |450363 |  61.2 | 212M|-2.393293e+01 | 1.543650e+01 |    Inf 
   6900 |  6891 |450770 |  60.3 | 213M|-2.393293e+01 | 1.543650e+01 |    Inf 
   7000 |  6987 |451022 |  59.5 | 214M|-2.393293e+01 | 1.543650e+01 |    Inf 
   7100 |  7085 |490541 |  64.2 | 228M|-2.393293e+01 | 1.543650e+01 |    Inf 
   7200 |  7185 |490929 |  63.4 | 229M|-2.393293e+01 | 1.543650e+01 |    Inf 
   7300 |  7281 |491210 |  62.6 | 230M|-2.393293e+01 | 1.543650e+01 |    Inf 
   7400 |  7377 |525525 |  66.4 | 241M|-2.393293e+01 | 1.543650e+01 |    Inf 
   7500 |  7477 |526153 |  65.6 | 243M|-2.393293e+01 | 1.543650e+01 |    Inf 
   7600 |  7575 |526285 |  64.7 | 243M|-2.393293e+01 | 1.543650e+01 |    Inf 
  node  | left  |LP iter|LP it/n| mem |  dualbound   | primalbound  |  gap   
   7700 |  7673 |565074 |  68.9 | 257M|-2.393293e+01 | 1.543650e+01 |    Inf 
   7800 |  7771 |565480 |  68.1 | 258M|-2.393293e+01 | 1.543650e+01 |    Inf 
   7900 |  7857 |566032 |  67.3 | 259M|-2.393293e+01 | 1.543650e+01 |    Inf 
   8000 |  7955 |608410 |  71.7 | 272M|-2.393293e+01 | 1.543650e+01 |    Inf 
   8100 |  8053 |608840 |  70.9 | 273M|-2.393293e+01 | 1.543650e+01 |    Inf 
   8200 |  8153 |609204 |  70.1 | 274M|-2.393293e+01 | 1.543650e+01 |    Inf 
   8300 |  8249 |643604 |  73.4 | 286M|-2.393293e+01 | 1.543650e+01 |    Inf 
   8400 |  8349 |644067 |  72.6 | 287M|-2.393293e+01 | 1.543650e+01 |    Inf 
   8500 |  8447 |683816 |  76.4 | 301M|-2.393293e+01 | 1.543650e+01 |    Inf 
   8600 |  8545 |684270 |  75.6 | 302M|-2.393293e+01 | 1.543650e+01 |    Inf 
   8700 |  8637 |684781 |  74.7 | 303M|-2.393293e+01 | 1.543650e+01 |    Inf 
   8800 |  8735 |724608 |  78.4 | 317M|-2.393293e+01 | 1.543650e+01 |    Inf 
   8900 |  8833 |725071 |  77.6 | 318M|-2.393293e+01 | 1.543650e+01 |    Inf 
   9000 |  8933 |725421 |  76.8 | 319M|-2.393293e+01 | 1.543650e+01 |    Inf 
   9100 |  9031 |763605 |  80.1 | 332M|-2.393293e+01 | 1.543650e+01 |    Inf 
  node  | left  |LP iter|LP it/n| mem |  dualbound   | primalbound  |  gap   
   9200 |  9129 |764071 |  79.3 | 333M|-2.393293e+01 | 1.543650e+01 |    Inf 
   9300 |  9227 |764322 |  78.5 | 334M|-2.393293e+01 | 1.543650e+01 |    Inf 
   9400 |  9325 |803314 |  81.8 | 348M|-2.393293e+01 | 1.543650e+01 |    Inf 
   9500 |  9423 |803767 |  81.0 | 349M|-2.393293e+01 | 1.543650e+01 |    Inf 
   9600 |  9495 |804003 |  80.2 | 350M|-2.393293e+01 | 1.543650e+01 |    Inf 
   9700 |  9565 |838501 |  82.9 | 361M|-2.393293e+01 | 1.543650e+01 |    Inf 
   9800 |  9659 |838991 |  82.1 | 362M|-2.393293e+01 | 1.543650e+01 |    Inf 
   9900 |  9759 |839254 |  81.3 | 363M|-2.393293e+01 | 1.543650e+01 |    Inf 
  10000 |  9855 |879923 |  84.5 | 376M|-2.393293e+01 | 1.543650e+01 |    Inf 
  10100 |  9953 |880368 |  83.8 | 377M|-2.393293e+01 | 1.543650e+01 |    Inf 
  10200 | 10053 |880670 |  83.0 | 378M|-2.393293e+01 | 1.543650e+01 |    Inf 
  10300 | 10143 |914767 |  85.5 | 390M|-2.393293e+01 | 1.543650e+01 |    Inf 
  10400 | 10243 |915048 |  84.7 | 391M|-2.393293e+01 | 1.543650e+01 |    Inf 
  10500 | 10343 |915289 |  83.9 | 392M|-2.393293e+01 | 1.543650e+01 |    Inf 
  10600 | 10439 |958000 |  87.1 | 406M|-2.393293e+01 | 1.543650e+01 |    Inf 
  node  | left  |LP iter|LP it/n| mem |  dualbound   | primalbound  |  gap   
  10700 | 10539 |958345 |  86.3 | 407M|-2.393293e+01 | 1.543650e+01 |    Inf 
  10800 | 10639 |959113 |  85.6 | 409M|-2.393293e+01 | 1.543650e+01 |    Inf 
  10900 | 10735 |998131 |  88.4 | 422M|-2.393293e+01 | 1.543650e+01 |    Inf 
  11000 | 10835 |998431 |  87.6 | 423M|-2.393293e+01 | 1.543650e+01 |    Inf 
  11100 | 10913 |  1030k|  89.7 | 432M|-2.393293e+01 | 1.543650e+01 |    Inf 
  11200 | 11011 |  1034k|  89.3 | 435M|-2.393293e+01 | 1.543650e+01 |    Inf 
  11300 | 11111 |  1034k|  88.5 | 436M|-2.393293e+01 | 1.543650e+01 |    Inf 
  11400 | 11207 |  1078k|  91.5 | 450M|-2.393293e+01 | 1.543650e+01 |    Inf 
  11500 | 11305 |  1078k|  90.8 | 451M|-2.393293e+01 | 1.543650e+01 |    Inf 
  11600 | 11361 |  1078k|  90.0 | 451M|-2.393293e+01 | 1.543650e+01 |    Inf 
  11700 | 11431 |  1097k|  90.8 | 460M|-2.393293e+01 | 1.543650e+01 |    Inf 
  11800 | 11529 |  1112k|  91.4 | 464M|-2.393293e+01 | 1.543650e+01 |    Inf 
  11900 | 11615 |  1114k|  90.8 | 465M|-2.393293e+01 | 1.543650e+01 |    Inf 
  12000 | 11673 |  1115k|  90.1 | 465M|-2.393293e+01 | 1.543650e+01 |    Inf 
  12100 | 11767 |  1161k|  93.1 | 479M|-2.393293e+01 | 1.543650e+01 |    Inf 
  node  | left  |LP iter|LP it/n| mem |  dualbound   | primalbound  |  gap   
  12200 | 11855 |  1161k|  92.4 | 479M|-2.393293e+01 | 1.543650e+01 |    Inf 
  12300 | 11889 |  1161k|  91.6 | 480M|-2.393293e+01 | 1.543650e+01 |    Inf 
  12400 | 11953 |  1200k|  94.0 | 493M|-2.393293e+01 | 1.543650e+01 |    Inf 
  12500 | 12051 |  1200k|  93.3 | 494M|-2.393293e+01 | 1.543650e+01 |    Inf 
  12600 | 12119 |  1200k|  92.6 | 494M|-2.393293e+01 | 1.543650e+01 |    Inf 
  12700 | 12209 |  1233k|  94.5 | 505M|-2.393293e+01 | 1.543650e+01 |    Inf 
  12800 | 12279 |  1234k|  93.7 | 506M|-2.393293e+01 | 1.543650e+01 |    Inf 
  12900 | 12375 |  1234k|  93.0 | 507M|-2.393293e+01 | 1.543650e+01 |    Inf 
  13000 | 12471 |  1272k|  95.2 | 521M|-2.393293e+01 | 1.543650e+01 |    Inf 
  13100 | 12569 |  1273k|  94.6 | 522M|-2.393293e+01 | 1.543650e+01 |    Inf 
  13200 | 12665 |  1273k|  93.8 | 523M|-2.393293e+01 | 1.543650e+01 |    Inf 
  13300 | 12759 |  1306k|  95.7 | 535M|-2.393293e+01 | 1.543650e+01 |    Inf 
  13400 | 12857 |  1306k|  95.0 | 536M|-2.393293e+01 | 1.543650e+01 |    Inf 
  13500 | 12957 |  1307k|  94.3 | 537M|-2.393293e+01 | 1.543650e+01 |    Inf 
  13600 | 13051 |  1345k|  96.4 | 551M|-2.393293e+01 | 1.543650e+01 |    Inf 
  node  | left  |LP iter|LP it/n| mem |  dualbound   | primalbound  |  gap   
  13700 | 13143 |  1345k|  95.7 | 551M|-2.393293e+01 | 1.543650e+01 |    Inf 
  13800 | 13239 |  1346k|  95.0 | 552M|-2.393293e+01 | 1.543650e+01 |    Inf 
  13900 | 13333 |  1379k|  96.8 | 563M|-2.393293e+01 | 1.543650e+01 |    Inf 
  14000 | 13427 |  1380k|  96.1 | 564M|-2.393293e+01 | 1.543650e+01 |    Inf 
  14100 | 13527 |  1380k|  95.5 | 565M|-2.393293e+01 | 1.543650e+01 |    Inf 
  14200 | 13623 |  1419k|  97.5 | 578M|-2.393293e+01 | 1.543650e+01 |    Inf 
  14300 | 13705 |  1419k|  96.9 | 579M|-2.393293e+01 | 1.543650e+01 |    Inf 
  14400 | 13789 |  1419k|  96.2 | 580M|-2.393293e+01 | 1.543650e+01 |    Inf 
  14500 | 13885 |  1456k|  98.1 | 592M|-2.393293e+01 | 1.543650e+01 |    Inf 
  14600 | 13965 |  1544k| 103.4 | 613M|-2.393293e+01 | 1.543650e+01 |    Inf 
  14700 | 14061 |  1544k| 102.8 | 614M|-2.393293e+01 | 1.543650e+01 |    Inf 
  14800 | 14135 |  1545k| 102.1 | 614M|-2.393293e+01 | 1.543650e+01 |    Inf 
  14900 | 14229 |  1579k| 103.7 | 626M|-2.393293e+01 | 1.543650e+01 |    Inf 
  15000 | 14329 |  1579k| 103.0 | 627M|-2.393293e+01 | 1.543650e+01 |    Inf 
  15100 | 14429 |  1579k| 102.3 | 627M|-2.393293e+01 | 1.543650e+01 |    Inf 
  node  | left  |LP iter|LP it/n| mem |  dualbound   | primalbound  |  gap   
  15200 | 14525 |  1620k| 104.4 | 641M|-2.393293e+01 | 1.543650e+01 |    Inf 
  15300 | 14613 |  1621k| 103.7 | 642M|-2.393293e+01 | 1.543650e+01 |    Inf 
  15400 | 14695 |  1621k| 103.1 | 642M|-2.393293e+01 | 1.543650e+01 |    Inf 
  15500 | 14791 |  1656k| 104.7 | 654M|-2.393293e+01 | 1.543650e+01 |    Inf 
  15600 | 14879 |  1657k| 104.0 | 655M|-2.393293e+01 | 1.543650e+01 |    Inf 
  15700 | 14965 |  1699k| 106.0 | 666M|-2.393293e+01 | 1.543650e+01 |    Inf 
  15800 | 15051 |  1747k| 108.4 | 681M|-2.393293e+01 | 1.543650e+01 |    Inf 
  15900 | 15135 |  1747k| 107.7 | 682M|-2.393293e+01 | 1.543650e+01 |    Inf 
  16000 | 15227 |  1747k| 107.1 | 683M|-2.393293e+01 | 1.543650e+01 |    Inf 
  16100 | 15323 |  1780k| 108.5 | 694M|-2.393293e+01 | 1.543650e+01 |    Inf 
  16200 | 15423 |  1781k| 107.8 | 695M|-2.393293e+01 | 1.543650e+01 |    Inf 
  16300 | 15523 |  1781k| 107.2 | 695M|-2.393293e+01 | 1.543650e+01 |    Inf 
  16400 | 15619 |  1822k| 109.0 | 708M|-2.393293e+01 | 1.543650e+01 |    Inf 
  16500 | 15697 |  1822k| 108.4 | 709M|-2.393293e+01 | 1.543650e+01 |    Inf 
  16600 | 15795 |  1823k| 107.7 | 710M|-2.393293e+01 | 1.543650e+01 |    Inf 
  node  | left  |LP iter|LP it/n| mem |  dualbound   | primalbound  |  gap   
  16700 | 15885 |  1859k| 109.3 | 722M|-2.393293e+01 | 1.543650e+01 |    Inf 
  16800 | 15971 |  1906k| 111.4 | 735M|-2.393293e+01 | 1.543650e+01 |    Inf 
  16900 | 16053 |  1906k| 110.8 | 736M|-2.393293e+01 | 1.543650e+01 |    Inf 
  17000 | 16147 |  1906k| 110.1 | 736M|-2.393293e+01 | 1.543650e+01 |    Inf 
  17100 | 16239 |  1969k| 113.2 | 756M|-2.393293e+01 | 1.543650e+01 |    Inf 
  17200 | 16321 |  2016k| 115.2 | 769M|-2.393293e+01 | 1.543650e+01 |    Inf 
  17300 | 16409 |  2016k| 114.6 | 770M|-2.393293e+01 | 1.543650e+01 |    Inf 
  17400 | 16495 |  2016k| 113.9 | 771M|-2.393293e+01 | 1.543650e+01 |    Inf 
  17500 | 16591 |  2050k| 115.2 | 782M|-2.393293e+01 | 1.543650e+01 |    Inf 
  17600 | 16679 |  2054k| 114.8 | 783M|-2.393293e+01 | 1.543650e+01 |    Inf 
  17700 | 16763 |  2098k| 116.6 | 799M|-2.393293e+01 | 1.543650e+01 |    Inf 
  17800 | 16847 |  2099k| 116.0 | 799M|-2.393293e+01 | 1.543650e+01 |    Inf 
  17900 | 16947 |  2111k| 116.0 | 808M|-2.393293e+01 | 1.543650e+01 |    Inf 
  18000 | 17037 |  2135k| 116.7 | 812M|-2.393293e+01 | 1.543650e+01 |    Inf 
  18100 | 17123 |  2180k| 118.6 | 824M|-2.393293e+01 | 1.543650e+01 |    Inf 
  node  | left  |LP iter|LP it/n| mem |  dualbound   | primalbound  |  gap   
  18200 | 17201 |  2180k| 117.9 | 825M|-2.393293e+01 | 1.543650e+01 |    Inf 
  18300 | 17299 |  2181k| 117.3 | 826M|-2.393293e+01 | 1.543650e+01 |    Inf 
  18400 | 17395 |  2214k| 118.5 | 838M|-2.393293e+01 | 1.543650e+01 |    Inf 
  18500 | 17475 |  2262k| 120.4 | 850M|-2.393293e+01 | 1.543650e+01 |    Inf 
  18600 | 17553 |  2262k| 119.8 | 851M|-2.393293e+01 | 1.543650e+01 |    Inf 
  18700 | 17645 |  2262k| 119.2 | 852M|-2.393293e+01 | 1.543650e+01 |    Inf 
  18800 | 17741 |  2295k| 120.3 | 864M|-2.393293e+01 | 1.543650e+01 |    Inf 
  18900 | 17821 |  2338k| 121.9 | 875M|-2.393293e+01 | 1.543650e+01 |    Inf 
  19000 | 17907 |  2342k| 121.5 | 878M|-2.393293e+01 | 1.543650e+01 |    Inf 
  19100 | 17989 |  2387k| 123.2 | 889M|-2.393293e+01 | 1.543650e+01 |    Inf 
  19200 | 18071 |  2387k| 122.6 | 890M|-2.393293e+01 | 1.543650e+01 |    Inf 
  19300 | 18171 |  2387k| 121.9 | 891M|-2.393293e+01 | 1.543650e+01 |    Inf 
  19400 | 18261 |  2430k| 123.5 | 904M|-2.393293e+01 | 1.543650e+01 |    Inf 
  19500 | 18331 |  2430k| 122.9 | 905M|-2.393293e+01 | 1.543650e+01 |    Inf 
  19600 | 18425 |  2430k| 122.3 | 906M|-2.393293e+01 | 1.543650e+01 |    Inf 
  node  | left  |LP iter|LP it/n| mem |  dualbound   | primalbound  |  gap   
  19700 | 18509 |  2472k| 123.7 | 922M|-2.393293e+01 | 1.543650e+01 |    Inf 
  19800 | 18591 |  2472k| 123.1 | 922M|-2.393293e+01 | 1.543650e+01 |    Inf 
  19900 | 18689 |  2473k| 122.6 | 924M|-2.393293e+01 | 1.543650e+01 |    Inf 
  20000 | 18779 |  2506k| 123.6 | 936M|-2.393293e+01 | 1.543650e+01 |    Inf 
  20100 | 18859 |  2547k| 125.0 | 947M|-2.393293e+01 | 1.543650e+01 |    Inf 
  20200 | 18937 |  2595k| 126.8 | 959M|-2.393293e+01 | 1.543650e+01 |    Inf 
  20300 | 19013 |  2596k| 126.2 | 960M|-2.393293e+01 | 1.543650e+01 |    Inf 
  20400 | 19107 |  2596k| 125.6 | 961M|-2.393293e+01 | 1.543650e+01 |    Inf 
  20500 | 19203 |  2637k| 127.0 | 974M|-2.393293e+01 | 1.543650e+01 |    Inf 
  20600 | 19275 |  2638k| 126.4 | 975M|-2.393293e+01 | 1.543650e+01 |    Inf 
  20700 | 19367 |  2638k| 125.8 | 976M|-2.393293e+01 | 1.543650e+01 |    Inf 
  20800 | 19463 |  2673k| 126.9 | 987M|-2.393293e+01 | 1.543650e+01 |    Inf 
  20900 | 19535 |  2725k| 128.8 | 998M|-2.393293e+01 | 1.543650e+01 |    Inf 
  21000 | 19615 |  2746k| 129.1 |1008M|-2.393293e+01 | 1.543650e+01 |    Inf 
  21100 | 19697 |  2770k| 129.7 |1011M|-2.393293e+01 | 1.543650e+01 |    Inf 
  node  | left  |LP iter|LP it/n| mem |  dualbound   | primalbound  |  gap   
  21200 | 19775 |  2771k| 129.1 |1012M|-2.393293e+01 | 1.543650e+01 |    Inf 
  21300 | 19875 |  2771k| 128.5 |1013M|-2.393293e+01 | 1.543650e+01 |    Inf 
  21400 | 19953 |  2821k| 130.2 |1026M|-2.393293e+01 | 1.543650e+01 |    Inf 
  21500 | 20031 |  2821k| 129.6 |1027M|-2.393293e+01 | 1.543650e+01 |    Inf 
  21600 | 20131 |  2822k| 129.1 |1028M|-2.393293e+01 | 1.543650e+01 |    Inf 
  21700 | 20219 |  2856k| 130.1 |1040M|-2.393293e+01 | 1.543650e+01 |    Inf 
  21800 | 20297 |  2899k| 131.4 |1051M|-2.393293e+01 | 1.543650e+01 |    Inf 
  21900 | 20371 |  2946k| 133.0 |1067M|-2.393293e+01 | 1.543650e+01 |    Inf 
  22000 | 20445 |  2947k| 132.4 |1068M|-2.393293e+01 | 1.543650e+01 |    Inf 
  22100 | 20543 |  2947k| 131.8 |1069M|-2.393293e+01 | 1.543650e+01 |    Inf 
  22200 | 20631 |  2986k| 133.0 |1083M|-2.393293e+01 | 1.543650e+01 |    Inf 
  22300 | 20701 |  2986k| 132.4 |1084M|-2.393293e+01 | 1.543650e+01 |    Inf 
  22400 | 20801 |  2987k| 131.8 |1085M|-2.393293e+01 | 1.543650e+01 |    Inf 
  22500 | 20891 |  3030k| 133.2 |1099M|-2.393293e+01 | 1.543650e+01 |    Inf 
  22600 | 20977 |  3030k| 132.6 |1099M|-2.393293e+01 | 1.543650e+01 |    Inf 
  node  | left  |LP iter|LP it/n| mem |  dualbound   | primalbound  |  gap   
  22700 | 21075 |  3030k| 132.0 |1100M|-2.393293e+01 | 1.543650e+01 |    Inf 
  22800 | 21159 |  3066k| 133.0 |1112M|-2.393293e+01 | 1.543650e+01 |    Inf 
  22900 | 21239 |  3108k| 134.2 |1123M|-2.393293e+01 | 1.543650e+01 |    Inf 
  23000 | 21315 |  3146k| 135.3 |1134M|-2.393293e+01 | 1.543650e+01 |    Inf 
  23100 | 21393 |  3193k| 136.8 |1147M|-2.393293e+01 | 1.543650e+01 |    Inf 
  23200 | 21467 |  3194k| 136.2 |1147M|-2.393293e+01 | 1.543650e+01 |    Inf 
  23300 | 21555 |  3194k| 135.6 |1148M|-2.393293e+01 | 1.543650e+01 |    Inf 
  23400 | 21653 |  3237k| 136.9 |1161M|-2.393293e+01 | 1.543650e+01 |    Inf 
  23500 | 21727 |  3237k| 136.3 |1162M|-2.393293e+01 | 1.543650e+01 |    Inf 
  23600 | 21815 |  3237k| 135.7 |1163M|-2.393293e+01 | 1.543650e+01 |    Inf 
  23700 | 21905 |  3281k| 137.0 |1173M|-2.393293e+01 | 1.543650e+01 |    Inf 
  23800 | 21989 |  3285k| 136.6 |1175M|-2.393293e+01 | 1.543650e+01 |    Inf 
  23900 | 22067 |  3332k| 138.0 |1188M|-2.393293e+01 | 1.543650e+01 |    Inf 
  24000 | 22145 |  3332k| 137.4 |1189M|-2.393293e+01 | 1.543650e+01 |    Inf 
  24100 | 22245 |  3333k| 136.9 |1190M|-2.393293e+01 | 1.543650e+01 |    Inf 
  node  | left  |LP iter|LP it/n| mem |  dualbound   | primalbound  |  gap   
  24200 | 22329 |  3366k| 137.7 |1201M|-2.393293e+01 | 1.543650e+01 |    Inf 
  24300 | 22401 |  3412k| 139.0 |1214M|-2.393293e+01 | 1.543650e+01 |    Inf 
  24400 | 22479 |  3413k| 138.5 |1214M|-2.393293e+01 | 1.543650e+01 |    Inf 
  24500 | 22579 |  3413k| 137.9 |1215M|-2.393293e+01 | 1.543650e+01 |    Inf 
  24600 | 22669 |  3448k| 138.8 |1227M|-2.393293e+01 | 1.543650e+01 |    Inf 
  24700 | 22749 |  3493k| 140.1 |1244M|-2.393293e+01 | 1.543650e+01 |    Inf 
  24800 | 22815 |  3494k| 139.5 |1245M|-2.393293e+01 | 1.543650e+01 |    Inf 
  24900 | 22913 |  3494k| 139.0 |1246M|-2.393293e+01 | 1.543650e+01 |    Inf 
  25000 | 23009 |  3528k| 139.7 |1258M|-2.393293e+01 | 1.543650e+01 |    Inf 
  25100 | 23085 |  3574k| 141.0 |1271M|-2.393293e+01 | 1.543650e+01 |    Inf 
  25200 | 23155 |  3574k| 140.5 |1272M|-2.393293e+01 | 1.543650e+01 |    Inf 
  25300 | 23249 |  3574k| 139.9 |1273M|-2.393293e+01 | 1.543650e+01 |    Inf 
  25400 | 23345 |  3608k| 140.7 |1285M|-2.393293e+01 | 1.543650e+01 |    Inf 
  25500 | 23421 |  3654k| 142.0 |1299M|-2.393293e+01 | 1.543650e+01 |    Inf 
  25600 | 23493 |  3655k| 141.4 |1299M|-2.393293e+01 | 1.543650e+01 |    Inf 
  node  | left  |LP iter|LP it/n| mem |  dualbound   | primalbound  |  gap   
  25700 | 23585 |  3655k| 140.9 |1300M|-2.393293e+01 | 1.543650e+01 |    Inf 
  25800 | 23681 |  3689k| 141.7 |1312M|-2.393293e+01 | 1.543650e+01 |    Inf 
  25900 | 23761 |  3725k| 142.5 |1323M|-2.393293e+01 | 1.543650e+01 |    Inf 
  26000 | 23835 |  3735k| 142.4 |1326M|-2.393293e+01 | 1.543650e+01 |    Inf 
  26100 | 23921 |  3736k| 141.8 |1327M|-2.393293e+01 | 1.543650e+01 |    Inf 
  26200 | 24019 |  3748k| 141.8 |1331M|-2.393293e+01 | 1.543650e+01 |    Inf 
  26300 | 24101 |  3773k| 142.2 |1339M|-2.393293e+01 | 1.543650e+01 |    Inf 
  26400 | 24173 |  3820k| 143.4 |1352M|-2.393293e+01 | 1.543650e+01 |    Inf 
  26500 | 24257 |  3820k| 142.9 |1353M|-2.393293e+01 | 1.543650e+01 |    Inf 
  26600 | 24357 |  3821k| 142.4 |1354M|-2.393293e+01 | 1.543650e+01 |    Inf 
  26700 | 24441 |  3855k| 143.1 |1365M|-2.393293e+01 | 1.543650e+01 |    Inf 
  26800 | 24513 |  3903k| 144.4 |1377M|-2.393293e+01 | 1.543650e+01 |    Inf 
  26900 | 24591 |  3903k| 143.8 |1378M|-2.393293e+01 | 1.543650e+01 |    Inf 
  27000 | 24691 |  3904k| 143.3 |1379M|-2.393293e+01 | 1.543650e+01 |    Inf 
  27100 | 24773 |  3947k| 144.4 |1390M|-2.393293e+01 | 1.543650e+01 |    Inf 
  node  | left  |LP iter|LP it/n| mem |  dualbound   | primalbound  |  gap   
  27200 | 24845 |  3997k| 145.7 |1403M|-2.393293e+01 | 1.543650e+01 |    Inf 
  27300 | 24923 |  3998k| 145.2 |1403M|-2.393293e+01 | 1.543650e+01 |    Inf 
  27400 | 25023 |  3998k| 144.7 |1404M|-2.393293e+01 | 1.543650e+01 |    Inf 
  27500 | 25113 |  4032k| 145.4 |1415M|-2.393293e+01 | 1.543650e+01 |    Inf 
  27600 | 25187 |  4078k| 146.5 |1428M|-2.393293e+01 | 1.543650e+01 |    Inf 
  27700 | 25259 |  4079k| 146.0 |1429M|-2.393293e+01 | 1.543650e+01 |    Inf 
  27800 | 25359 |  4079k| 145.5 |1430M|-2.393293e+01 | 1.543650e+01 |    Inf 
  27900 | 25453 |  4114k| 146.3 |1441M|-2.393293e+01 | 1.543650e+01 |    Inf 
  28000 | 25527 |  4166k| 147.6 |1458M|-2.393293e+01 | 1.543650e+01 |    Inf 
  28100 | 25593 |  4166k| 147.1 |1459M|-2.393293e+01 | 1.543650e+01 |    Inf 
  28200 | 25693 |  4166k| 146.5 |1460M|-2.393293e+01 | 1.543650e+01 |    Inf 
  28300 | 25789 |  4201k| 147.2 |1472M|-2.393293e+01 | 1.543650e+01 |    Inf 
  28400 | 25865 |  4246k| 148.3 |1485M|-2.393293e+01 | 1.543650e+01 |    Inf 
  28500 | 25905 |  4246k| 147.8 |1486M|-2.393293e+01 | 1.543650e+01 |    Inf 
  28600 | 25949 |  4247k| 147.3 |1486M|-2.393293e+01 | 1.543650e+01 |    Inf 
  node  | left  |LP iter|LP it/n| mem |  dualbound   | primalbound  |  gap   
  28700 | 25989 |  4247k| 146.8 |1486M|-2.393293e+01 | 1.543650e+01 |    Inf 
  28800 | 26071 |  4290k| 147.8 |1500M|-2.393293e+01 | 1.543650e+01 |    Inf 
  28900 | 26143 |  4290k| 147.3 |1501M|-2.393293e+01 | 1.543650e+01 |    Inf 
  29000 | 26243 |  4290k| 146.8 |1502M|-2.393293e+01 | 1.543650e+01 |    Inf 
  29100 | 26335 |  4324k| 147.4 |1513M|-2.393293e+01 | 1.543650e+01 |    Inf 
  29200 | 26409 |  4369k| 148.5 |1527M|-2.393293e+01 | 1.543650e+01 |    Inf 
  29300 | 26475 |  4370k| 148.0 |1528M|-2.393293e+01 | 1.543650e+01 |    Inf 
  29400 | 26573 |  4370k| 147.5 |1529M|-2.393293e+01 | 1.543650e+01 |    Inf 
  29500 | 26665 |  4411k| 148.4 |1542M|-2.393293e+01 | 1.543650e+01 |    Inf 
  29600 | 26701 |  4412k| 147.9 |1543M|-2.393293e+01 | 1.543650e+01 |    Inf 
  29700 | 26741 |  4412k| 147.4 |1543M|-2.393293e+01 | 1.543650e+01 |    Inf 
  29800 | 26793 |  4412k| 146.9 |1544M|-2.393293e+01 | 1.543650e+01 |    Inf 
  29900 | 26873 |  4446k| 147.6 |1555M|-2.393293e+01 | 1.543650e+01 |    Inf 
  30000 | 26943 |  4494k| 148.7 |1568M|-2.393293e+01 | 1.543650e+01 |    Inf 
  30100 | 27011 |  4494k| 148.2 |1569M|-2.393293e+01 | 1.543650e+01 |    Inf 
  node  | left  |LP iter|LP it/n| mem |  dualbound   | primalbound  |  gap   
  30200 | 27111 |  4495k| 147.7 |1570M|-2.393293e+01 | 1.543650e+01 |    Inf 
  30300 | 27203 |  4529k| 148.4 |1581M|-2.393293e+01 | 1.543650e+01 |    Inf 
  30400 | 27275 |  4575k| 149.4 |1594M|-2.393293e+01 | 1.543650e+01 |    Inf 
  30500 | 27339 |  4575k| 148.9 |1595M|-2.393293e+01 | 1.543650e+01 |    Inf 
  30600 | 27439 |  4575k| 148.4 |1596M|-2.393293e+01 | 1.543650e+01 |    Inf 
  30700 | 27535 |  4610k| 149.1 |1607M|-2.393293e+01 | 1.543650e+01 |    Inf 
  30800 | 27629 |  4611k| 148.6 |1608M|-2.393293e+01 | 1.543650e+01 |    Inf 
  30900 | 27725 |  4611k| 148.1 |1608M|-2.393293e+01 | 1.543650e+01 |    Inf 
  31000 | 27813 |  4649k| 148.9 |1621M|-2.393293e+01 | 1.543650e+01 |    Inf 
  31100 | 27879 |  4649k| 148.4 |1622M|-2.393293e+01 | 1.543650e+01 |    Inf 
  31200 | 27979 |  4650k| 147.9 |1623M|-2.393293e+01 | 1.543650e+01 |    Inf 
  31300 | 28071 |  4693k| 148.9 |1634M|-2.393293e+01 | 1.543650e+01 |    Inf 
  31400 | 28145 |  4738k| 149.8 |1647M|-2.393293e+01 | 1.543650e+01 |    Inf 
  31500 | 28205 |  4738k| 149.4 |1647M|-2.393293e+01 | 1.543650e+01 |    Inf 
  31600 | 28303 |  4739k| 148.9 |1648M|-2.393293e+01 | 1.543650e+01 |    Inf 
  node  | left  |LP iter|LP it/n| mem |  dualbound   | primalbound  |  gap   
  31700 | 28399 |  4773k| 149.5 |1659M|-2.393293e+01 | 1.543650e+01 |    Inf 
  31800 | 28473 |  4822k| 150.6 |1672M|-2.393293e+01 | 1.543650e+01 |    Inf 
  31900 | 28541 |  4823k| 150.1 |1673M|-2.393293e+01 | 1.543650e+01 |    Inf 
  32000 | 28631 |  4823k| 149.7 |1673M|-2.393293e+01 | 1.543650e+01 |    Inf 
  32100 | 28727 |  4857k| 150.2 |1685M|-2.393293e+01 | 1.543650e+01 |    Inf 
  32200 | 28805 |  4867k| 150.1 |1686M|-2.393293e+01 | 1.543650e+01 |    Inf 
  32300 | 28871 |  4906k| 150.8 |1698M|-2.393293e+01 | 1.543650e+01 |    Inf 
  32400 | 28959 |  4906k| 150.4 |1699M|-2.393293e+01 | 1.543650e+01 |    Inf 
  32500 | 29059 |  4906k| 149.9 |1700M|-2.393293e+01 | 1.543650e+01 |    Inf 
  32600 | 29141 |  4944k| 150.6 |1711M|-2.393293e+01 | 1.543650e+01 |    Inf 
  32700 | 29203 |  4989k| 151.5 |1729M|-2.393293e+01 | 1.543650e+01 |    Inf 
  32800 | 29289 |  4989k| 151.1 |1730M|-2.393293e+01 | 1.543650e+01 |    Inf 
  32900 | 29389 |  4989k| 150.6 |1731M|-2.393293e+01 | 1.543650e+01 |    Inf 
  33000 | 29473 |  5023k| 151.2 |1742M|-2.393293e+01 | 1.543650e+01 |    Inf 
  33100 | 29537 |  5068k| 152.1 |1756M|-2.393293e+01 | 1.543650e+01 |    Inf 
  node  | left  |LP iter|LP it/n| mem |  dualbound   | primalbound  |  gap   
  33200 | 29617 |  5069k| 151.6 |1757M|-2.393293e+01 | 1.543650e+01 |    Inf 
  33300 | 29717 |  5069k| 151.2 |1758M|-2.393293e+01 | 1.543650e+01 |    Inf 
  33400 | 29801 |  5103k| 151.8 |1769M|-2.393293e+01 | 1.543650e+01 |    Inf 
  33500 | 29871 |  5147k| 152.6 |1783M|-2.393293e+01 | 1.543650e+01 |    Inf 
  33600 | 29945 |  5147k| 152.2 |1783M|-2.393293e+01 | 1.543650e+01 |    Inf 
  33700 | 30045 |  5148k| 151.7 |1784M|-2.393293e+01 | 1.543650e+01 |    Inf 
  33800 | 30135 |  5182k| 152.3 |1796M|-2.393293e+01 | 1.543650e+01 |    Inf 
  33900 | 30201 |  5229k| 153.3 |1810M|-2.393293e+01 | 1.543650e+01 |    Inf 
  34000 | 30267 |  5230k| 152.8 |1811M|-2.393293e+01 | 1.543650e+01 |    Inf 
  34100 | 30367 |  5230k| 152.4 |1812M|-2.393293e+01 | 1.543650e+01 |    Inf 
  34200 | 30457 |  5267k| 153.0 |1824M|-2.393293e+01 | 1.543650e+01 |    Inf 
  34300 | 30533 |  5315k| 154.0 |1837M|-2.393293e+01 | 1.543650e+01 |    Inf 
  34400 | 30587 |  5316k| 153.5 |1837M|-2.393293e+01 | 1.543650e+01 |    Inf 
  34500 | 30683 |  5316k| 153.1 |1838M|-2.393293e+01 | 1.543650e+01 |    Inf 
  34600 | 30779 |  5350k| 153.6 |1850M|-2.393293e+01 | 1.543650e+01 |    Inf 
  node  | left  |LP iter|LP it/n| mem |  dualbound   | primalbound  |  gap   
  34700 | 30853 |  5398k| 154.6 |1863M|-2.393293e+01 | 1.543650e+01 |    Inf 
  34800 | 30911 |  5398k| 154.1 |1864M|-2.393293e+01 | 1.543650e+01 |    Inf 
  34900 | 30999 |  5398k| 153.7 |1865M|-2.393293e+01 | 1.543650e+01 |    Inf 
  35000 | 31091 |  5446k| 154.6 |1876M|-2.393293e+01 | 1.543650e+01 |    Inf 
  35100 | 31169 |  5452k| 154.4 |1877M|-2.393293e+01 | 1.543650e+01 |    Inf 
  35200 | 31227 |  5493k| 155.1 |1889M|-2.393293e+01 | 1.543650e+01 |    Inf 
  35300 | 31311 |  5493k| 154.7 |1890M|-2.393293e+01 | 1.543650e+01 |    Inf 
  35400 | 31411 |  5494k| 154.2 |1891M|-2.393293e+01 | 1.543650e+01 |    Inf 
  35500 | 31457 |  5535k| 155.0 |1904M|-2.393293e+01 | 1.543650e+01 |    Inf 
  35600 | 31499 |  5535k| 154.5 |1904M|-2.393293e+01 | 1.543650e+01 |    Inf 
  35700 | 31551 |  5536k| 154.1 |1905M|-2.393293e+01 | 1.543650e+01 |    Inf 
  35800 | 31619 |  5570k| 154.6 |1916M|-2.393293e+01 | 1.543650e+01 |    Inf 
  35900 | 31691 |  5623k| 155.7 |1928M|-2.393293e+01 | 1.543650e+01 |    Inf 
  36000 | 31749 |  5624k| 155.3 |1929M|-2.393293e+01 | 1.543650e+01 |    Inf 
  36100 | 31835 |  5624k| 154.8 |1930M|-2.393293e+01 | 1.543650e+01 |    Inf 
  node  | left  |LP iter|LP it/n| mem |  dualbound   | primalbound  |  gap   
  36200 | 31935 |  5624k| 154.4 |1931M|-2.393293e+01 | 1.543650e+01 |    Inf 
  36300 | 32013 |  5658k| 154.9 |1942M|-2.393293e+01 | 1.543650e+01 |    Inf 
  36400 | 32069 |  5703k| 155.7 |1954M|-2.393293e+01 | 1.543650e+01 |    Inf 
  36500 | 32151 |  5704k| 155.3 |1955M|-2.393293e+01 | 1.543650e+01 |    Inf 
  36600 | 32251 |  5704k| 154.9 |1956M|-2.393293e+01 | 1.543650e+01 |    Inf 
  36700 | 32333 |  5738k| 155.4 |1967M|-2.393293e+01 | 1.543650e+01 |    Inf 
  36800 | 32391 |  5791k| 156.4 |1980M|-2.393293e+01 | 1.543650e+01 |    Inf 
  36900 | 32463 |  5792k| 156.0 |1980M|-2.393293e+01 | 1.543650e+01 |    Inf 
  37000 | 32563 |  5792k| 155.6 |1981M|-2.393293e+01 | 1.543650e+01 |    Inf 
  37100 | 32649 |  5827k| 156.1 |1992M|-2.393293e+01 | 1.543650e+01 |    Inf 
  37200 | 32723 |  5870k| 156.9 |2003M|-2.393293e+01 | 1.543650e+01 |    Inf 
  37300 | 32785 |  5914k| 157.6 |2016M|-2.393293e+01 | 1.543650e+01 |    Inf 
  37400 | 32823 |  5914k| 157.2 |2016M|-2.393293e+01 | 1.543650e+01 |    Inf 
  37500 | 32889 |  5914k| 156.8 |2017M|-2.393293e+01 | 1.543650e+01 |    Inf 
  37600 | 32981 |  5958k| 157.6 |2036M|-2.393293e+01 | 1.543650e+01 |    Inf 
  node  | left  |LP iter|LP it/n| mem |  dualbound   | primalbound  |  gap   
  37700 | 33039 |  5959k| 157.2 |2037M|-2.393293e+01 | 1.543650e+01 |    Inf 
  37800 | 33127 |  5959k| 156.7 |2037M|-2.393293e+01 | 1.543650e+01 |    Inf 
  37900 | 33223 |  5986k| 157.0 |2047M|-2.393293e+01 | 1.543650e+01 |    Inf 
  38000 | 33301 |  6031k| 157.8 |2060M|-2.393293e+01 | 1.543650e+01 |    Inf 
  38100 | 33357 |  6043k| 157.7 |2063M|-2.393293e+01 | 1.543650e+01 |    Inf 
  38200 | 33443 |  6043k| 157.3 |2064M|-2.393293e+01 | 1.543650e+01 |    Inf 
  38300 | 33543 |  6043k| 156.9 |2065M|-2.393293e+01 | 1.543650e+01 |    Inf 
  38400 | 33621 |  6077k| 157.4 |2076M|-2.393293e+01 | 1.543650e+01 |    Inf 
  38500 | 33675 |  6125k| 158.2 |2089M|-2.393293e+01 | 1.543650e+01 |    Inf 
  38600 | 33759 |  6126k| 157.8 |2090M|-2.393293e+01 | 1.543650e+01 |    Inf 
  38700 | 33859 |  6126k| 157.4 |2091M|-2.393293e+01 | 1.543650e+01 |    Inf 
  38800 | 33939 |  6160k| 157.9 |2103M|-2.393293e+01 | 1.543650e+01 |    Inf 
  38900 | 33997 |  6204k| 158.6 |2116M|-2.393293e+01 | 1.543650e+01 |    Inf 
  39000 | 34075 |  6205k| 158.2 |2117M|-2.393293e+01 | 1.543650e+01 |    Inf 
  39100 | 34175 |  6205k| 157.8 |2118M|-2.393293e+01 | 1.543650e+01 |    Inf 
  node  | left  |LP iter|LP it/n| mem |  dualbound   | primalbound  |  gap   
  39200 | 34259 |  6238k| 158.3 |2130M|-2.393293e+01 | 1.543650e+01 |    Inf 
  39300 | 34313 |  6286k| 159.1 |2143M|-2.393293e+01 | 1.543650e+01 |    Inf 
  39400 | 34391 |  6286k| 158.7 |2144M|-2.393293e+01 | 1.543650e+01 |    Inf 
  39500 | 34491 |  6286k| 158.3 |2145M|-2.393293e+01 | 1.543650e+01 |    Inf 
  39600 | 34575 |  6321k| 158.8 |2157M|-2.393293e+01 | 1.543650e+01 |    Inf 
  39700 | 34631 |  6370k| 159.6 |2170M|-2.393293e+01 | 1.543650e+01 |    Inf 
  39800 | 34707 |  6370k| 159.2 |2171M|-2.393293e+01 | 1.543650e+01 |    Inf 
  39900 | 34807 |  6371k| 158.8 |2172M|-2.393293e+01 | 1.543650e+01 |    Inf 
  40000 | 34895 |  6405k| 159.3 |2184M|-2.393293e+01 | 1.543650e+01 |    Inf 
  40100 | 34951 |  6451k| 160.0 |2197M|-2.393293e+01 | 1.543650e+01 |    Inf 
  40200 | 35023 |  6452k| 159.6 |2198M|-2.393293e+01 | 1.543650e+01 |    Inf 
  40300 | 35123 |  6452k| 159.3 |2199M|-2.393293e+01 | 1.543650e+01 |    Inf 
  40400 | 35213 |  6486k| 159.7 |2210M|-2.393293e+01 | 1.543650e+01 |    Inf 
  40500 | 35269 |  6531k| 160.4 |2223M|-2.393293e+01 | 1.543650e+01 |    Inf 
  40600 | 35339 |  6531k| 160.0 |2224M|-2.393293e+01 | 1.543650e+01 |    Inf 
  node  | left  |LP iter|LP it/n| mem |  dualbound   | primalbound  |  gap   
  40700 | 35439 |  6531k| 159.6 |2225M|-2.393293e+01 | 1.543650e+01 |    Inf 
  40800 | 35529 |  6565k| 160.1 |2236M|-2.393293e+01 | 1.543650e+01 |    Inf 
  40900 | 35581 |  6609k| 160.8 |2248M|-2.393293e+01 | 1.543650e+01 |    Inf 
  41000 | 35617 |  6609k| 160.4 |2248M|-2.393293e+01 | 1.543650e+01 |    Inf 
  41100 | 35679 |  6609k| 160.0 |2249M|-2.393293e+01 | 1.543650e+01 |    Inf 
  41200 | 35755 |  6610k| 159.6 |2250M|-2.393293e+01 | 1.543650e+01 |    Inf 
  41300 | 35811 |  6650k| 160.2 |2262M|-2.393293e+01 | 1.543650e+01 |    Inf 
  41400 | 35897 |  6650k| 159.8 |2263M|-2.393293e+01 | 1.543650e+01 |    Inf 
  41500 | 35997 |  6651k| 159.4 |2264M|-2.393293e+01 | 1.543650e+01 |    Inf 
  41600 | 36075 |  6687k| 159.9 |2276M|-2.393293e+01 | 1.543650e+01 |    Inf 
  41700 | 36129 |  6730k| 160.6 |2288M|-2.393293e+01 | 1.543650e+01 |    Inf 
  41800 | 36213 |  6731k| 160.2 |2289M|-2.393293e+01 | 1.543650e+01 |    Inf 
  41900 | 36313 |  6731k| 159.8 |2290M|-2.393293e+01 | 1.543650e+01 |    Inf 
  42000 | 36393 |  6765k| 160.3 |2302M|-2.393293e+01 | 1.543650e+01 |    Inf 
  42100 | 36447 |  6810k| 160.9 |2314M|-2.393293e+01 | 1.543650e+01 |    Inf 
  node  | left  |LP iter|LP it/n| mem |  dualbound   | primalbound  |  gap   
  42200 | 36529 |  6810k| 160.6 |2315M|-2.393293e+01 | 1.543650e+01 |    Inf 
  42300 | 36629 |  6810k| 160.2 |2316M|-2.393293e+01 | 1.543650e+01 |    Inf 
  42400 | 36709 |  6847k| 160.7 |2327M|-2.393293e+01 | 1.543650e+01 |    Inf 
  42500 | 36763 |  6896k| 161.5 |2339M|-2.393293e+01 | 1.543650e+01 |    Inf 
  42600 | 36839 |  6897k| 161.1 |2340M|-2.393293e+01 | 1.543650e+01 |    Inf 
  42700 | 36939 |  6897k| 160.7 |2341M|-2.393293e+01 | 1.543650e+01 |    Inf 
  42800 | 37023 |  6931k| 161.1 |2352M|-2.393293e+01 | 1.543650e+01 |    Inf 
  42900 | 37077 |  6976k| 161.8 |2365M|-2.393293e+01 | 1.543650e+01 |    Inf 
  43000 | 37155 |  6976k| 161.4 |2365M|-2.393293e+01 | 1.543650e+01 |    Inf 
  43100 | 37255 |  6976k| 161.1 |2366M|-2.393293e+01 | 1.543650e+01 |    Inf 
  43200 | 37339 |  7010k| 161.5 |2378M|-2.393293e+01 | 1.543650e+01 |    Inf 
  43300 | 37393 |  7054k| 162.1 |2390M|-2.393293e+01 | 1.543650e+01 |    Inf 
  43400 | 37471 |  7055k| 161.8 |2391M|-2.393293e+01 | 1.543650e+01 |    Inf 
  43500 | 37571 |  7055k| 161.4 |2392M|-2.393293e+01 | 1.543650e+01 |    Inf 
  43600 | 37655 |  7092k| 161.9 |2410M|-2.393293e+01 | 1.543650e+01 |    Inf 
  node  | left  |LP iter|LP it/n| mem |  dualbound   | primalbound  |  gap   
  43700 | 37709 |  7135k| 162.5 |2423M|-2.393293e+01 | 1.543650e+01 |    Inf 
  43800 | 37787 |  7135k| 162.1 |2424M|-2.393293e+01 | 1.543650e+01 |    Inf 
  43900 | 37887 |  7135k| 161.8 |2425M|-2.393293e+01 | 1.543650e+01 |    Inf 
  44000 | 37971 |  7174k| 162.3 |2436M|-2.393293e+01 | 1.543650e+01 |    Inf 
  44100 | 38025 |  7221k| 163.0 |2449M|-2.393293e+01 | 1.543650e+01 |    Inf 
  44200 | 38103 |  7221k| 162.6 |2450M|-2.393293e+01 | 1.543650e+01 |    Inf 
  44300 | 38203 |  7221k| 162.2 |2451M|-2.393293e+01 | 1.543650e+01 |    Inf 
  44400 | 38289 |  7256k| 162.7 |2463M|-2.393293e+01 | 1.543650e+01 |    Inf 
  44500 | 38339 |  7302k| 163.3 |2475M|-2.393293e+01 | 1.543650e+01 |    Inf 
  44600 | 38413 |  7302k| 163.0 |2476M|-2.393293e+01 | 1.543650e+01 |    Inf 
  44700 | 38513 |  7303k| 162.6 |2477M|-2.393293e+01 | 1.543650e+01 |    Inf 
  44800 | 38599 |  7338k| 163.0 |2489M|-2.393293e+01 | 1.543650e+01 |    Inf 
  44900 | 38651 |  7382k| 163.7 |2502M|-2.393293e+01 | 1.543650e+01 |    Inf 
  45000 | 38723 |  7383k| 163.3 |2503M|-2.393293e+01 | 1.543650e+01 |    Inf 
  45100 | 38823 |  7383k| 163.0 |2504M|-2.393293e+01 | 1.543650e+01 |    Inf 
  node  | left  |LP iter|LP it/n| mem |  dualbound   | primalbound  |  gap   
  45200 | 38909 |  7417k| 163.3 |2516M|-2.393293e+01 | 1.543650e+01 |    Inf 
  45300 | 38963 |  7459k| 163.9 |2529M|-2.393293e+01 | 1.543650e+01 |    Inf 
  45400 | 39033 |  7459k| 163.6 |2530M|-2.393293e+01 | 1.543650e+01 |    Inf 
  45500 | 39133 |  7460k| 163.2 |2531M|-2.393293e+01 | 1.543650e+01 |    Inf 
  45600 | 39221 |  7494k| 163.6 |2543M|-2.393293e+01 | 1.543650e+01 |    Inf 
  45700 | 39267 |  7541k| 164.3 |2556M|-2.393293e+01 | 1.543650e+01 |    Inf 
  45800 | 39313 |  7541k| 163.9 |2557M|-2.393293e+01 | 1.543650e+01 |    Inf 
  45900 | 39381 |  7542k| 163.6 |2557M|-2.393293e+01 | 1.543650e+01 |    Inf 
  46000 | 39447 |  7582k| 164.1 |2571M|-2.393293e+01 | 1.543650e+01 |    Inf 
  46100 | 39497 |  7582k| 163.7 |2571M|-2.393293e+01 | 1.543650e+01 |    Inf 
  46200 | 39587 |  7582k| 163.4 |2572M|-2.393293e+01 | 1.543650e+01 |    Inf 
  46300 | 39687 |  7583k| 163.0 |2573M|-2.393293e+01 | 1.543650e+01 |    Inf 
  46400 | 39757 |  7666k| 164.5 |2598M|-2.393293e+01 | 1.543650e+01 |    Inf 
  46500 | 39805 |  7666k| 164.1 |2598M|-2.393293e+01 | 1.543650e+01 |    Inf 
  46600 | 39897 |  7666k| 163.8 |2599M|-2.393293e+01 | 1.543650e+01 |    Inf 
  node  | left  |LP iter|LP it/n| mem |  dualbound   | primalbound  |  gap   
  46700 | 39997 |  7667k| 163.4 |2600M|-2.393293e+01 | 1.543650e+01 |    Inf 
  46800 | 40065 |  7750k| 164.9 |2624M|-2.393293e+01 | 1.543650e+01 |    Inf 
  46900 | 40111 |  7751k| 164.5 |2624M|-2.393293e+01 | 1.543650e+01 |    Inf 
  47000 | 40207 |  7751k| 164.2 |2625M|-2.393293e+01 | 1.543650e+01 |    Inf 
  47100 | 40303 |  7775k| 164.4 |2635M|-2.393293e+01 | 1.543650e+01 |    Inf 
  47200 | 40373 |  7832k| 165.2 |2650M|-2.393293e+01 | 1.543650e+01 |    Inf 
  47300 | 40419 |  7832k| 164.9 |2650M|-2.393293e+01 | 1.543650e+01 |    Inf 
  47400 | 40517 |  7833k| 164.5 |2651M|-2.393293e+01 | 1.543650e+01 |    Inf 
  47500 | 40613 |  7866k| 164.9 |2663M|-2.393293e+01 | 1.543650e+01 |    Inf 
  47600 | 40679 |  7911k| 165.5 |2675M|-2.393293e+01 | 1.543650e+01 |    Inf 
  47700 | 40729 |  7911k| 165.1 |2676M|-2.393293e+01 | 1.543650e+01 |    Inf 
  47800 | 40827 |  7912k| 164.8 |2677M|-2.393293e+01 | 1.543650e+01 |    Inf 
  47900 | 40923 |  7945k| 165.2 |2688M|-2.393293e+01 | 1.543650e+01 |    Inf 
  48000 | 40985 |  7987k| 165.7 |2700M|-2.393293e+01 | 1.543650e+01 |    Inf 
  48100 | 41037 |  7987k| 165.4 |2701M|-2.393293e+01 | 1.543650e+01 |    Inf 
  node  | left  |LP iter|LP it/n| mem |  dualbound   | primalbound  |  gap   
  48200 | 41137 |  7988k| 165.0 |2702M|-2.393293e+01 | 1.543650e+01 |    Inf 
  48300 | 41233 |  8023k| 165.4 |2713M|-2.393293e+01 | 1.543650e+01 |    Inf 
  48400 | 41307 |  8061k| 165.9 |2727M|-2.393293e+01 | 1.543650e+01 |    Inf 
  48500 | 41365 |  8062k| 165.5 |2727M|-2.393293e+01 | 1.543650e+01 |    Inf 
  48600 | 41465 |  8062k| 165.2 |2728M|-2.393293e+01 | 1.543650e+01 |    Inf 
  48700 | 41557 |  8105k| 165.7 |2740M|-2.393293e+01 | 1.543650e+01 |    Inf 
  48800 | 41617 |  8153k| 166.4 |2752M|-2.393293e+01 | 1.543650e+01 |    Inf 
  48900 | 41681 |  8153k| 166.0 |2752M|-2.393293e+01 | 1.543650e+01 |    Inf 
  49000 | 41781 |  8154k| 165.7 |2753M|-2.393293e+01 | 1.543650e+01 |    Inf 
  49100 | 41877 |  8188k| 166.1 |2765M|-2.393293e+01 | 1.543650e+01 |    Inf 
  49200 | 41937 |  8232k| 166.6 |2777M|-2.393293e+01 | 1.543650e+01 |    Inf 
  49300 | 42001 |  8233k| 166.3 |2778M|-2.393293e+01 | 1.543650e+01 |    Inf 
  49400 | 42101 |  8233k| 166.0 |2779M|-2.393293e+01 | 1.543650e+01 |    Inf 
  49500 | 42193 |  8267k| 166.3 |2790M|-2.393293e+01 | 1.543650e+01 |    Inf 
  49600 | 42247 |  8315k| 167.0 |2802M|-2.393293e+01 | 1.543650e+01 |    Inf 
  node  | left  |LP iter|LP it/n| mem |  dualbound   | primalbound  |  gap   
  49700 | 42321 |  8315k| 166.6 |2803M|-2.393293e+01 | 1.543650e+01 |    Inf 
  49800 | 42421 |  8316k| 166.3 |2804M|-2.393293e+01 | 1.543650e+01 |    Inf 
  49900 | 42507 |  8359k| 166.8 |2816M|-2.393293e+01 | 1.543650e+01 |    Inf 
  50000 | 42559 |  8403k| 167.4 |2828M|-2.393293e+01 | 1.543650e+01 |    Inf 
  50100 | 42637 |  8403k| 167.1 |2829M|-2.393293e+01 | 1.543650e+01 |    Inf 
  50200 | 42737 |  8404k| 166.7 |2830M|-2.393293e+01 | 1.543650e+01 |    Inf 
  50300 | 42801 |  8445k| 167.2 |2850M|-2.393293e+01 | 1.543650e+01 |    Inf 
  50400 | 42843 |  8446k| 166.9 |2851M|-2.393293e+01 | 1.543650e+01 |    Inf 
  50500 | 42915 |  8446k| 166.6 |2852M|-2.393293e+01 | 1.543650e+01 |    Inf 
  50600 | 42981 |  8447k| 166.3 |2852M|-2.393293e+01 | 1.543650e+01 |    Inf 
  50700 | 43045 |  8531k| 167.6 |2875M|-2.393293e+01 | 1.543650e+01 |    Inf 
  50800 | 43097 |  8531k| 167.3 |2876M|-2.393293e+01 | 1.543650e+01 |    Inf 
  50900 | 43197 |  8531k| 166.9 |2877M|-2.393293e+01 | 1.543650e+01 |    Inf 
  51000 | 43289 |  8575k| 167.5 |2889M|-2.393293e+01 | 1.543650e+01 |    Inf 
  51100 | 43365 |  8618k| 168.0 |2900M|-2.393293e+01 | 1.543650e+01 |    Inf 
  node  | left  |LP iter|LP it/n| mem |  dualbound   | primalbound  |  gap   
  51200 | 43421 |  8663k| 168.5 |2913M|-2.393293e+01 | 1.543650e+01 |    Inf 
  51300 | 43487 |  8664k| 168.2 |2913M|-2.393293e+01 | 1.543650e+01 |    Inf 
  51400 | 43587 |  8664k| 167.9 |2914M|-2.393293e+01 | 1.543650e+01 |    Inf 
  51500 | 43661 |  8705k| 168.4 |2927M|-2.393293e+01 | 1.543650e+01 |    Inf 
  51600 | 43721 |  8706k| 168.1 |2928M|-2.393293e+01 | 1.543650e+01 |    Inf 
  51700 | 43821 |  8706k| 167.7 |2929M|-2.393293e+01 | 1.543650e+01 |    Inf 
  51800 | 43915 |  8740k| 168.1 |2941M|-2.393293e+01 | 1.543650e+01 |    Inf 
  51900 | 43989 |  8780k| 168.5 |2953M|-2.393293e+01 | 1.543650e+01 |    Inf 
  52000 | 44029 |  8821k| 169.0 |2965M|-2.393293e+01 | 1.543650e+01 |    Inf 
  52100 | 44085 |  8821k| 168.7 |2966M|-2.393293e+01 | 1.543650e+01 |    Inf 
  52200 | 44147 |  8821k| 168.3 |2967M|-2.393293e+01 | 1.543650e+01 |    Inf 
  52300 | 44213 |  8860k| 168.8 |2980M|-2.393293e+01 | 1.543650e+01 |    Inf 
  52400 | 44261 |  8860k| 168.4 |2981M|-2.393293e+01 | 1.543650e+01 |    Inf 
  52500 | 44359 |  8860k| 168.1 |2982M|-2.393293e+01 | 1.543650e+01 |    Inf 
  52600 | 44459 |  8906k| 168.7 |2996M|-2.393293e+01 | 1.543650e+01 |    Inf 
  node  | left  |LP iter|LP it/n| mem |  dualbound   | primalbound  |  gap   
  52700 | 44501 |  8906k| 168.3 |2996M|-2.393293e+01 | 1.543650e+01 |    Inf 
  52800 | 44593 |  8906k| 168.0 |2997M|-2.393293e+01 | 1.543650e+01 |    Inf 
  52900 | 44693 |  8907k| 167.7 |2998M|-2.393293e+01 | 1.543650e+01 |    Inf 
  53000 | 44769 |  8982k| 168.8 |3021M|-2.393293e+01 | 1.543650e+01 |    Inf 
  53100 | 44827 |  9023k| 169.3 |3034M|-2.393293e+01 | 1.543650e+01 |    Inf 
  53200 | 44887 |  9024k| 169.0 |3035M|-2.393293e+01 | 1.543650e+01 |    Inf 
  53300 | 44987 |  9024k| 168.7 |3036M|-2.393293e+01 | 1.543650e+01 |    Inf 
  53400 | 45071 |  9066k| 169.1 |3049M|-2.393293e+01 | 1.543650e+01 |    Inf 
  53500 | 45121 |  9066k| 168.8 |3050M|-2.393293e+01 | 1.543650e+01 |    Inf 
  53600 | 45221 |  9067k| 168.5 |3051M|-2.393293e+01 | 1.543650e+01 |    Inf 
  53700 | 45317 |  9102k| 168.9 |3063M|-2.393293e+01 | 1.543650e+01 |    Inf 
  53800 | 45391 |  9142k| 169.3 |3075M|-2.393293e+01 | 1.543650e+01 |    Inf 
  53900 | 45441 |  9186k| 169.8 |3088M|-2.393293e+01 | 1.543650e+01 |    Inf 
  54000 | 45515 |  9187k| 169.5 |3089M|-2.393293e+01 | 1.543650e+01 |    Inf 
  54100 | 45615 |  9187k| 169.2 |3090M|-2.393293e+01 | 1.543650e+01 |    Inf 
  node  | left  |LP iter|LP it/n| mem |  dualbound   | primalbound  |  gap   
  54200 | 45681 |  9229k| 169.7 |3103M|-2.393293e+01 | 1.543650e+01 |    Inf 
  54300 | 45725 |  9229k| 169.3 |3103M|-2.393293e+01 | 1.543650e+01 |    Inf 
  54400 | 45801 |  9230k| 169.0 |3104M|-2.393293e+01 | 1.543650e+01 |    Inf 
  54500 | 45865 |  9230k| 168.7 |3105M|-2.393293e+01 | 1.543650e+01 |    Inf 
  54600 | 45913 |  9272k| 169.2 |3118M|-2.393293e+01 | 1.543650e+01 |    Inf 
  54700 | 45999 |  9273k| 168.9 |3119M|-2.393293e+01 | 1.543650e+01 |    Inf 
  54800 | 46099 |  9273k| 168.6 |3120M|-2.393293e+01 | 1.543650e+01 |    Inf 
  54900 | 46175 |  9343k| 169.6 |3140M|-2.393293e+01 | 1.543650e+01 |    Inf 
  55000 | 46237 |  9388k| 170.1 |3155M|-2.393293e+01 | 1.543650e+01 |    Inf 
  55100 | 46293 |  9388k| 169.8 |3155M|-2.393293e+01 | 1.543650e+01 |    Inf 
  55200 | 46393 |  9388k| 169.5 |3156M|-2.393293e+01 | 1.543650e+01 |    Inf 
  55300 | 46485 |  9426k| 169.8 |3169M|-2.393293e+01 | 1.543650e+01 |    Inf 
  55400 | 46529 |  9426k| 169.5 |3170M|-2.393293e+01 | 1.543650e+01 |    Inf 
  55500 | 46627 |  9427k| 169.2 |3171M|-2.393293e+01 | 1.543650e+01 |    Inf 
  55600 | 46725 |  9439k| 169.2 |3175M|-2.393293e+01 | 1.543650e+01 |    Inf 
  node  | left  |LP iter|LP it/n| mem |  dualbound   | primalbound  |  gap   
  55700 | 46801 |  9504k| 170.0 |3193M|-2.393293e+01 | 1.543650e+01 |    Inf 
  55800 | 46853 |  9550k| 170.5 |3205M|-2.393293e+01 | 1.543650e+01 |    Inf 
  55900 | 46921 |  9550k| 170.2 |3206M|-2.393293e+01 | 1.543650e+01 |    Inf 
  56000 | 47021 |  9550k| 169.9 |3207M|-2.393293e+01 | 1.543650e+01 |    Inf 
  56100 | 47097 |  9591k| 170.4 |3220M|-2.393293e+01 | 1.543650e+01 |    Inf 
  56200 | 47155 |  9591k| 170.1 |3220M|-2.393293e+01 | 1.543650e+01 |    Inf 
  56300 | 47255 |  9591k| 169.8 |3221M|-2.393293e+01 | 1.543650e+01 |    Inf 
  56400 | 47351 |  9627k| 170.1 |3233M|-2.393293e+01 | 1.543650e+01 |    Inf 
  56500 | 47423 |  9666k| 170.5 |3245M|-2.393293e+01 | 1.543650e+01 |    Inf 
  56600 | 47473 |  9710k| 170.9 |3257M|-2.393293e+01 | 1.543650e+01 |    Inf 
  56700 | 47555 |  9710k| 170.7 |3258M|-2.393293e+01 | 1.543650e+01 |    Inf 
  56800 | 47655 |  9710k| 170.4 |3259M|-2.393293e+01 | 1.543650e+01 |    Inf 
  56900 | 47717 |  9758k| 170.9 |3271M|-2.393293e+01 | 1.543650e+01 |    Inf 
  57000 | 47791 |  9759k| 170.6 |3272M|-2.393293e+01 | 1.543650e+01 |    Inf 
  57100 | 47891 |  9759k| 170.3 |3273M|-2.393293e+01 | 1.543650e+01 |    Inf 
  node  | left  |LP iter|LP it/n| mem |  dualbound   | primalbound  |  gap   
  57200 | 47979 |  9793k| 170.6 |3284M|-2.393293e+01 | 1.543650e+01 |    Inf 
  57300 | 48051 |  9839k| 171.1 |3297M|-2.393293e+01 | 1.543650e+01 |    Inf 
  57400 | 48095 |  9890k| 171.7 |3307M|-2.393293e+01 | 1.543650e+01 |    Inf 
  57500 | 48187 |  9891k| 171.4 |3308M|-2.393293e+01 | 1.543650e+01 |    Inf 
  57600 | 48287 |  9891k| 171.1 |3309M|-2.393293e+01 | 1.543650e+01 |    Inf 
  57700 | 48339 |  9929k| 171.5 |3322M|-2.393293e+01 | 1.543650e+01 |    Inf 
  57800 | 48427 |  9929k| 171.2 |3323M|-2.393293e+01 | 1.543650e+01 |    Inf 
  57900 | 48527 |  9930k| 170.9 |3324M|-2.393293e+01 | 1.543650e+01 |    Inf 
  58000 | 48607 |  9982k| 171.5 |3343M|-2.393293e+01 | 1.543650e+01 |    Inf 
  58100 | 48669 | 10047k| 172.3 |3358M|-2.393293e+01 | 1.543650e+01 |    Inf 
  58200 | 48727 | 10047k| 172.1 |3359M|-2.393293e+01 | 1.543650e+01 |    Inf 
  58300 | 48827 | 10048k| 171.8 |3360M|-2.393293e+01 | 1.543650e+01 |    Inf 
  58400 | 48921 | 10086k| 172.1 |3383M|-2.393293e+01 | 1.543650e+01 |    Inf 
  58500 | 48967 | 10086k| 171.8 |3383M|-2.393293e+01 | 1.543650e+01 |    Inf 
  58600 | 49067 | 10087k| 171.5 |3384M|-2.393293e+01 | 1.543650e+01 |    Inf 
  node  | left  |LP iter|LP it/n| mem |  dualbound   | primalbound  |  gap   
  58700 | 49163 | 10110k| 171.7 |3393M|-2.393293e+01 | 1.543650e+01 |    Inf 
  58800 | 49239 | 10160k| 172.2 |3406M|-2.393293e+01 | 1.543650e+01 |    Inf 
  58900 | 49289 | 10204k| 172.7 |3419M|-2.393293e+01 | 1.543650e+01 |    Inf 
  59000 | 49367 | 10204k| 172.4 |3420M|-2.393293e+01 | 1.543650e+01 |    Inf 
  59100 | 49467 | 10205k| 172.1 |3421M|-2.393293e+01 | 1.543650e+01 |    Inf 
  59200 | 49533 | 10247k| 172.5 |3433M|-2.393293e+01 | 1.543650e+01 |    Inf 
  59300 | 49589 | 10247k| 172.2 |3434M|-2.393293e+01 | 1.543650e+01 |    Inf 
  59400 | 49653 | 10247k| 171.9 |3434M|-2.393293e+01 | 1.543650e+01 |    Inf 
  59500 | 49729 | 10248k| 171.7 |3435M|-2.393293e+01 | 1.543650e+01 |    Inf 
  59600 | 49771 | 10286k| 172.0 |3448M|-2.393293e+01 | 1.543650e+01 |    Inf 
  59700 | 49869 | 10286k| 171.7 |3449M|-2.393293e+01 | 1.543650e+01 |    Inf 
  59800 | 49969 | 10287k| 171.5 |3450M|-2.393293e+01 | 1.543650e+01 |    Inf 
  59900 | 50043 | 10367k| 172.5 |3474M|-2.393293e+01 | 1.543650e+01 |    Inf 
  60000 | 50089 | 10367k| 172.2 |3474M|-2.393293e+01 | 1.543650e+01 |    Inf 
  60100 | 50189 | 10367k| 171.9 |3475M|-2.393293e+01 | 1.543650e+01 |    Inf 
  node  | left  |LP iter|LP it/n| mem |  dualbound   | primalbound  |  gap   
  60200 | 50285 | 10391k| 172.0 |3485M|-2.393293e+01 | 1.543650e+01 |    Inf 
  60300 | 50347 | 10445k| 172.7 |3500M|-2.393293e+01 | 1.543650e+01 |    Inf 
  60400 | 50409 | 10445k| 172.4 |3501M|-2.393293e+01 | 1.543650e+01 |    Inf 
  60500 | 50509 | 10446k| 172.1 |3502M|-2.393293e+01 | 1.543650e+01 |    Inf 
  60600 | 50603 | 10480k| 172.4 |3514M|-2.393293e+01 | 1.543650e+01 |    Inf 
  60700 | 50653 | 10533k| 173.0 |3527M|-2.393293e+01 | 1.543650e+01 |    Inf 
  60800 | 50725 | 10533k| 172.7 |3527M|-2.393293e+01 | 1.543650e+01 |    Inf 
  60900 | 50823 | 10534k| 172.4 |3528M|-2.393293e+01 | 1.543650e+01 |    Inf 
  61000 | 50913 | 10568k| 172.7 |3540M|-2.393293e+01 | 1.543650e+01 |    Inf 
  61100 | 50961 | 10612k| 173.1 |3554M|-2.393293e+01 | 1.543650e+01 |    Inf 
  61200 | 51035 | 10612k| 172.9 |3555M|-2.393293e+01 | 1.543650e+01 |    Inf 
  61300 | 51133 | 10613k| 172.6 |3556M|-2.393293e+01 | 1.543650e+01 |    Inf 
  61400 | 51219 | 10647k| 172.9 |3567M|-2.393293e+01 | 1.543650e+01 |    Inf 
  61500 | 51265 | 10691k| 173.3 |3581M|-2.393293e+01 | 1.543650e+01 |    Inf 
  61600 | 51345 | 10691k| 173.0 |3582M|-2.393293e+01 | 1.543650e+01 |    Inf 
  node  | left  |LP iter|LP it/n| mem |  dualbound   | primalbound  |  gap   
  61700 | 51441 | 10692k| 172.7 |3583M|-2.393293e+01 | 1.543650e+01 |    Inf 
  61800 | 51529 | 10728k| 173.0 |3595M|-2.393293e+01 | 1.543650e+01 |    Inf 
  61900 | 51567 | 10771k| 173.5 |3608M|-2.393293e+01 | 1.543650e+01 |    Inf 
  62000 | 51655 | 10772k| 173.2 |3609M|-2.393293e+01 | 1.543650e+01 |    Inf 
  62100 | 51751 | 10772k| 172.9 |3610M|-2.393293e+01 | 1.543650e+01 |    Inf 
  62200 | 51835 | 10806k| 173.2 |3621M|-2.393293e+01 | 1.543650e+01 |    Inf 
  62300 | 51873 | 10848k| 173.6 |3634M|-2.393293e+01 | 1.543650e+01 |    Inf 
  62400 | 51965 | 10849k| 173.3 |3635M|-2.393293e+01 | 1.543650e+01 |    Inf 
  62500 | 52061 | 10849k| 173.0 |3636M|-2.393293e+01 | 1.543650e+01 |    Inf 
  62600 | 52135 | 10937k| 174.2 |3661M|-2.393293e+01 | 1.543650e+01 |    Inf 
  62700 | 52173 | 10937k| 173.9 |3661M|-2.393293e+01 | 1.543650e+01 |    Inf 
  62800 | 52269 | 10937k| 173.6 |3662M|-2.393293e+01 | 1.543650e+01 |    Inf 
  62900 | 52363 | 10938k| 173.4 |3663M|-2.393293e+01 | 1.543650e+01 |    Inf 
  63000 | 52435 | 11019k| 174.4 |3687M|-2.393293e+01 | 1.543650e+01 |    Inf 
  63100 | 52477 | 11019k| 174.1 |3688M|-2.393293e+01 | 1.543650e+01 |    Inf 
  node  | left  |LP iter|LP it/n| mem |  dualbound   | primalbound  |  gap   
  63200 | 52573 | 11020k| 173.8 |3689M|-2.393293e+01 | 1.543650e+01 |    Inf 
  63300 | 52669 | 11020k| 173.6 |3690M|-2.393293e+01 | 1.543650e+01 |    Inf 
  63400 | 52729 | 11100k| 174.5 |3714M|-2.393293e+01 | 1.543650e+01 |    Inf 
  63500 | 52783 | 11100k| 174.3 |3715M|-2.393293e+01 | 1.543650e+01 |    Inf 
  63600 | 52879 | 11100k| 174.0 |3716M|-2.393293e+01 | 1.543650e+01 |    Inf 
  63700 | 52971 | 11141k| 174.4 |3729M|-2.393293e+01 | 1.543650e+01 |    Inf 
  63800 | 53011 | 11141k| 174.1 |3729M|-2.393293e+01 | 1.543650e+01 |    Inf 
  63900 | 53105 | 11142k| 173.8 |3730M|-2.393293e+01 | 1.543650e+01 |    Inf 
  64000 | 53201 | 11142k| 173.6 |3731M|-2.393293e+01 | 1.543650e+01 |    Inf 
  64100 | 53269 | 11220k| 174.5 |3755M|-2.393293e+01 | 1.543650e+01 |    Inf 
  64200 | 53315 | 11220k| 174.2 |3756M|-2.393293e+01 | 1.543650e+01 |    Inf 
  64300 | 53411 | 11220k| 174.0 |3757M|-2.393293e+01 | 1.543650e+01 |    Inf 
  64400 | 53505 | 11233k| 173.9 |3761M|-2.393293e+01 | 1.543650e+01 |    Inf 
  64500 | 53563 | 11303k| 174.7 |3781M|-2.393293e+01 | 1.543650e+01 |    Inf 
  64600 | 53621 | 11303k| 174.5 |3782M|-2.393293e+01 | 1.543650e+01 |    Inf 
  node  | left  |LP iter|LP it/n| mem |  dualbound   | primalbound  |  gap   
  64700 | 53717 | 11304k| 174.2 |3783M|-2.393293e+01 | 1.543650e+01 |    Inf 
  64800 | 53809 | 11338k| 174.4 |3794M|-2.393293e+01 | 1.543650e+01 |    Inf 
  64900 | 53881 | 11378k| 174.8 |3805M|-2.393293e+01 | 1.543650e+01 |    Inf 
  65000 | 53949 | 11458k| 175.8 |3826M|-2.393293e+01 | 1.543650e+01 |    Inf 
  65100 | 54007 | 11507k| 176.2 |3838M|-2.393293e+01 | 1.543650e+01 |    Inf 
  65200 | 54067 | 11508k| 176.0 |3839M|-2.393293e+01 | 1.543650e+01 |    Inf 
  65300 | 54163 | 11508k| 175.7 |3840M|-2.393293e+01 | 1.543650e+01 |    Inf 
  65400 | 54253 | 11542k| 176.0 |3851M|-2.393293e+01 | 1.543650e+01 |    Inf 
  65500 | 54303 | 11586k| 176.4 |3864M|-2.393293e+01 | 1.543650e+01 |    Inf 
  65600 | 54357 | 11587k| 176.1 |3865M|-2.393293e+01 | 1.543650e+01 |    Inf 
  65700 | 54433 | 11587k| 175.8 |3865M|-2.393293e+01 | 1.543650e+01 |    Inf 
  65800 | 54507 | 11601k| 175.8 |3876M|-2.393293e+01 | 1.543650e+01 |    Inf 
  65900 | 54543 | 11626k| 175.9 |3879M|-2.393293e+01 | 1.543650e+01 |    Inf 
  66000 | 54641 | 11627k| 175.7 |3881M|-2.393293e+01 | 1.543650e+01 |    Inf 
  66100 | 54729 | 11627k| 175.4 |3881M|-2.393293e+01 | 1.543650e+01 |    Inf 
  node  | left  |LP iter|LP it/n| mem |  dualbound   | primalbound  |  gap   
  66200 | 54805 | 11706k| 176.3 |3904M|-2.393293e+01 | 1.543650e+01 |    Inf 
  66300 | 54839 | 11707k| 176.1 |3904M|-2.393293e+01 | 1.543650e+01 |    Inf 
  66400 | 54937 | 11707k| 175.8 |3905M|-2.393293e+01 | 1.543650e+01 |    Inf 
  66500 | 55025 | 11707k| 175.5 |3906M|-2.393293e+01 | 1.543650e+01 |    Inf 
  66600 | 55095 | 11785k| 176.4 |3929M|-2.393293e+01 | 1.543650e+01 |    Inf 
  66700 | 55133 | 11785k| 176.2 |3929M|-2.393293e+01 | 1.543650e+01 |    Inf 
  66800 | 55229 | 11785k| 175.9 |3930M|-2.393293e+01 | 1.543650e+01 |    Inf 
  66900 | 55321 | 11786k| 175.7 |3931M|-2.393293e+01 | 1.543650e+01 |    Inf 
  67000 | 55387 | 11866k| 176.6 |3954M|-2.393293e+01 | 1.543650e+01 |    Inf 
  67100 | 55429 | 11866k| 176.3 |3954M|-2.393293e+01 | 1.543650e+01 |    Inf 
  67200 | 55525 | 11866k| 176.1 |3955M|-2.393293e+01 | 1.543650e+01 |    Inf 
  67300 | 55617 | 11867k| 175.8 |3956M|-2.393293e+01 | 1.543650e+01 |    Inf 
  67400 | 55651 | 11908k| 176.2 |3968M|-2.393293e+01 | 1.543650e+01 |    Inf 
  67500 | 55725 | 11909k| 175.9 |3969M|-2.393293e+01 | 1.543650e+01 |    Inf 
  67600 | 55791 | 11909k| 175.7 |3970M|-2.393293e+01 | 1.543650e+01 |    Inf 
  node  | left  |LP iter|LP it/n| mem |  dualbound   | primalbound  |  gap   
  67700 | 55873 | 11944k| 175.9 |3981M|-2.393293e+01 | 1.543650e+01 |    Inf 
  67800 | 55911 | 11990k| 176.3 |3993M|-2.393293e+01 | 1.543650e+01 |    Inf 
  67900 | 55993 | 11990k| 176.1 |3994M|-2.393293e+01 | 1.543650e+01 |    Inf 
  68000 | 56081 | 11991k| 175.8 |3995M|-2.393293e+01 | 1.543650e+01 |    Inf 
  68100 | 56167 | 12026k| 176.1 |4018M|-2.393293e+01 | 1.543650e+01 |    Inf 
  68200 | 56203 | 12074k| 176.5 |4031M|-2.393293e+01 | 1.543650e+01 |    Inf 
  68300 | 56287 | 12075k| 176.3 |4032M|-2.393293e+01 | 1.543650e+01 |    Inf 
  68400 | 56373 | 12075k| 176.0 |4032M|-2.393293e+01 | 1.543650e+01 |    Inf 
  68500 | 56455 | 12110k| 176.3 |4043M|-2.393293e+01 | 1.543650e+01 |    Inf 
  68600 | 56487 | 12157k| 176.7 |4056M|-2.393293e+01 | 1.543650e+01 |    Inf 
  68700 | 56575 | 12157k| 176.5 |4057M|-2.393293e+01 | 1.543650e+01 |    Inf 
  68800 | 56657 | 12158k| 176.2 |4057M|-2.393293e+01 | 1.543650e+01 |    Inf 
  68900 | 56741 | 12192k| 176.5 |4069M|-2.393293e+01 | 1.543650e+01 |    Inf 
  69000 | 56773 | 12236k| 176.8 |4081M|-2.393293e+01 | 1.543650e+01 |    Inf 
  69100 | 56861 | 12236k| 176.6 |4082M|-2.393293e+01 | 1.543650e+01 |    Inf 
  node  | left  |LP iter|LP it/n| mem |  dualbound   | primalbound  |  gap   
  69200 | 56943 | 12237k| 176.3 |4082M|-2.393293e+01 | 1.543650e+01 |    Inf 
  69300 | 57025 | 12275k| 176.6 |4095M|-2.393293e+01 | 1.543650e+01 |    Inf 
  69400 | 57057 | 12315k| 177.0 |4106M|-2.393293e+01 | 1.543650e+01 |    Inf 
  69500 | 57147 | 12316k| 176.7 |4107M|-2.393293e+01 | 1.543650e+01 |    Inf 
  69600 | 57229 | 12316k| 176.5 |4108M|-2.393293e+01 | 1.543650e+01 |    Inf 
  69700 | 57309 | 12362k| 176.9 |4119M|-2.393293e+01 | 1.543650e+01 |    Inf 
  69800 | 57341 | 12406k| 177.3 |4132M|-2.393293e+01 | 1.543650e+01 |    Inf 
  69900 | 57429 | 12406k| 177.0 |4133M|-2.393293e+01 | 1.543650e+01 |    Inf 
  70000 | 57511 | 12407k| 176.8 |4134M|-2.393293e+01 | 1.543650e+01 |    Inf 
  70100 | 57591 | 12448k| 177.1 |4145M|-2.393293e+01 | 1.543650e+01 |    Inf 
  70200 | 57623 | 12486k| 177.4 |4158M|-2.393293e+01 | 1.543650e+01 |    Inf 
  70300 | 57715 | 12486k| 177.1 |4159M|-2.393293e+01 | 1.543650e+01 |    Inf 
  70400 | 57793 | 12487k| 176.9 |4160M|-2.393293e+01 | 1.543650e+01 |    Inf 
  70500 | 57873 | 12531k| 177.3 |4172M|-2.393293e+01 | 1.543650e+01 |    Inf 
  70600 | 57901 | 12575k| 177.6 |4185M|-2.393293e+01 | 1.543650e+01 |    Inf 
  node  | left  |LP iter|LP it/n| mem |  dualbound   | primalbound  |  gap   
  70700 | 57993 | 12575k| 177.4 |4186M|-2.393293e+01 | 1.543650e+01 |    Inf 
  70800 | 58073 | 12576k| 177.1 |4187M|-2.393293e+01 | 1.543650e+01 |    Inf 
  70900 | 58153 | 12615k| 177.4 |4200M|-2.393293e+01 | 1.543650e+01 |    Inf 
  71000 | 58183 | 12655k| 177.8 |4211M|-2.393293e+01 | 1.543650e+01 |    Inf 
  71100 | 58275 | 12656k| 177.5 |4212M|-2.393293e+01 | 1.543650e+01 |    Inf 
  71200 | 58355 | 12656k| 177.3 |4213M|-2.393293e+01 | 1.543650e+01 |    Inf 
  71300 | 58433 | 12694k| 177.6 |4225M|-2.393293e+01 | 1.543650e+01 |    Inf 
  71400 | 58463 | 12731k| 177.8 |4238M|-2.393293e+01 | 1.543650e+01 |    Inf 
  71500 | 58557 | 12732k| 177.6 |4239M|-2.393293e+01 | 1.543650e+01 |    Inf 
  71600 | 58637 | 12732k| 177.3 |4240M|-2.393293e+01 | 1.543650e+01 |    Inf 
